To honour the JVM settings for this build a single-use Daemon process will be forked. For more on this, please refer to https://docs.gradle.org/8.5/userguide/gradle_daemon.html#sec:disabling_the_daemon in the Gradle documentation.
Daemon will be stopped at the end of the build 
> Task :app:preBuild UP-TO-DATE
> Task :app:preDebugBuild UP-TO-DATE
> Task :app:mergeDebugNativeDebugMetadata NO-SOURCE
> Task :app:checkKotlinGradlePluginConfigurationErrors
> Task :app:generateDebugResValues
> Task :app:generateDebugResources
> Task :app:packageDebugResources
> Task :app:dataBindingMergeDependencyArtifactsDebug
> Task :app:parseDebugLocalResources
> Task :app:mapDebugSourceSetPaths
> Task :app:createDebugCompatibleScreenManifests
> Task :app:extractDeepLinksDebug
> Task :app:checkDebugAarMetadata
> Task :app:mergeDebugResources

> Task :app:processDebugMainManifest FAILED
/Users/amelo/Downloads/drive-download-20250929T200435Z-1-001/Honeywell_MobilitySDK_Android_v1.00.00.0188/Honeywell_MobilitySDK_Android_v1.00.00.0188/honeywell-android-printing-sdk/samples/RP4PrinterKotlin/app/src/main/AndroidManifest.xml:17:9-35 Error:
	Attribute application@allowBackup value=(true) from AndroidManifest.xml:17:9-35
	is also present at [:hsm-android-print] AndroidManifest.xml:13:9-36 value=(false).
	Suggestion: add 'tools:replace="android:allowBackup"' to <application> element at AndroidManifest.xml:16:5-32:19 to override.

See https://developer.android.com/r/studio-ui/build/manifest-merger for more information about the manifest merger.


FAILURE: Build failed with an exception.

* What went wrong:
Execution failed for task ':app:processDebugMainManifest'.
> Manifest merger failed : Attribute application@allowBackup value=(true) from AndroidManifest.xml:17:9-35
  	is also present at [:hsm-android-print] AndroidManifest.xml:13:9-36 value=(false).
  	Suggestion: add 'tools:replace="android:allowBackup"' to <application> element at AndroidManifest.xml:16:5-32:19 to override.

* Try:
> Run with --stacktrace option to get the stack trace.
> Run with --info or --debug option to get more log output.
> Run with --scan to get full insights.
> Get more help at https://help.gradle.org.

BUILD FAILED in 10s
11 actionable tasks: 11 executed
To honour the JVM settings for this build a single-use Daemon process will be forked. For more on this, please refer to https://docs.gradle.org/8.5/userguide/gradle_daemon.html#sec:disabling_the_daemon in the Gradle documentation.
Daemon will be stopped at the end of the build 
> Task :app:preBuild UP-TO-DATE
> Task :app:preDebugBuild UP-TO-DATE
> Task :app:mergeDebugNativeDebugMetadata NO-SOURCE
> Task :app:checkKotlinGradlePluginConfigurationErrors
> Task :app:dataBindingMergeDependencyArtifactsDebug UP-TO-DATE
> Task :app:generateDebugResValues UP-TO-DATE
> Task :app:generateDebugResources UP-TO-DATE
> Task :app:mergeDebugResources UP-TO-DATE
> Task :app:packageDebugResources UP-TO-DATE
> Task :app:parseDebugLocalResources UP-TO-DATE
> Task :app:dataBindingGenBaseClassesDebug
> Task :app:checkDebugAarMetadata UP-TO-DATE
> Task :app:mapDebugSourceSetPaths UP-TO-DATE
> Task :app:createDebugCompatibleScreenManifests UP-TO-DATE
> Task :app:extractDeepLinksDebug UP-TO-DATE
> Task :app:processDebugMainManifest
> Task :app:processDebugManifest
> Task :app:javaPreCompileDebug
> Task :app:mergeDebugShaders
> Task :app:compileDebugShaders NO-SOURCE
> Task :app:generateDebugAssets UP-TO-DATE
> Task :app:mergeDebugAssets
> Task :app:desugarDebugFileDependencies
> Task :app:compressDebugAssets
> Task :app:mergeDebugJniLibFolders
> Task :app:mergeDebugNativeLibs NO-SOURCE
> Task :app:stripDebugDebugSymbols NO-SOURCE
> Task :app:checkDebugDuplicateClasses
> Task :app:validateSigningDebug
> Task :app:writeDebugAppMetadata
> Task :app:writeDebugSigningConfigVersions
> Task :app:processDebugManifestForPackage
> Task :app:mergeLibDexDebug
> Task :app:processDebugResources

> Task :app:compileDebugKotlin
w: file:///Users/amelo/Downloads/drive-download-20250929T200435Z-1-001/Honeywell_MobilitySDK_Android_v1.00.00.0188/Honeywell_MobilitySDK_Android_v1.00.00.0188/honeywell-android-printing-sdk/samples/RP4PrinterKotlin/app/src/main/java/com/honeywell/rp4printer/bluetooth/BluetoothManager.kt:28:45 'getDefaultAdapter(): BluetoothAdapter!' is deprecated. Deprecated in Java

> Task :app:mergeExtDexDebug
> Task :app:compileDebugJavaWithJavac
> Task :app:dexBuilderDebug
> Task :app:mergeDebugGlobalSynthetics
> Task :app:processDebugJavaRes
> Task :app:mergeProjectDexDebug
> Task :app:mergeDebugJavaResource
> Task :app:packageDebug
> Task :app:createDebugApkListingFileRedirect
> Task :app:assembleDebug

BUILD SUCCESSFUL in 18s
36 actionable tasks: 27 executed, 9 up-to-date
